This is pdfTeX, Version 3.141592653-2.6-1.40.25 (TeX Live 2023/nixos.org) (preloaded format=pdflatex 1980.1.1)  16 OCT 2024 17:43
entering extended mode
 restricted \write18 enabled.
 file:line:error style messages enabled.
 %&-line parsing enabled.
**main.tex
(./main.tex
LaTeX2e <2023-11-01> patch level 1
L3 programming layer <2024-02-20>
(/nix/store/hymdka6m8g1msh1pf4ncsbclnw0g7fi5-texlive-combined-2023-texmfdist/tex/latex/els-cas-templates/cas-sc.cls
Document Class: cas-sc 2021/05/11, 2.3: Formatting class for CAS single column articles
\c@blind=\count188
\@bls=\dimen140
(/nix/store/hymdka6m8g1msh1pf4ncsbclnw0g7fi5-texlive-combined-2023-texmfdist/tex/latex/base/article.cls
Document Class: article 2023/05/17 v1.4n Standard LaTeX document class
(/nix/store/hymdka6m8g1msh1pf4ncsbclnw0g7fi5-texlive-combined-2023-texmfdist/tex/latex/base/fleqn.clo
File: fleqn.clo 2016/12/29 v1.2b Standard LaTeX option (flush left equations)
\mathindent=\skip48
Applying: [2015/01/01] Make \[ robust on input line 50.
LaTeX Info: Redefining \[ on input line 51.
Already applied: [0000/00/00] Make \[ robust on input line 62.
Applying: [2015/01/01] Make \] robust on input line 74.
LaTeX Info: Redefining \] on input line 75.
Already applied: [0000/00/00] Make \] robust on input line 83.
) (/nix/store/hymdka6m8g1msh1pf4ncsbclnw0g7fi5-texlive-combined-2023-texmfdist/tex/latex/base/size10.clo
File: size10.clo 2023/05/17 v1.4n Standard LaTeX file (size option)
)
\c@part=\count189
\c@section=\count190
\c@subsection=\count191
\c@subsubsection=\count192
\c@paragraph=\count193
\c@subparagraph=\count194
\c@figure=\count195
\c@table=\count196
\abovecaptionskip=\skip49
\belowcaptionskip=\skip50
\bibindent=\dimen141
) (/nix/store/hymdka6m8g1msh1pf4ncsbclnw0g7fi5-texlive-combined-2023-texmfdist/tex/latex/graphics/graphicx.sty
Package: graphicx 2021/09/16 v1.2d Enhanced LaTeX Graphics (DPC,SPQR)
 (/nix/store/hymdka6m8g1msh1pf4ncsbclnw0g7fi5-texlive-combined-2023-texmfdist/tex/latex/graphics/keyval.sty
Package: keyval 2022/05/29 v1.15 key=value parser (DPC)
\KV@toks@=\toks17
) (/nix/store/hymdka6m8g1msh1pf4ncsbclnw0g7fi5-texlive-combined-2023-texmfdist/tex/latex/graphics/graphics.sty
Package: graphics 2022/03/10 v1.4e Standard LaTeX Graphics (DPC,SPQR)
 (/nix/store/hymdka6m8g1msh1pf4ncsbclnw0g7fi5-texlive-combined-2023-texmfdist/tex/latex/graphics/trig.sty
Package: trig 2021/08/11 v1.11 sin cos tan (DPC)
) (/nix/store/hymdka6m8g1msh1pf4ncsbclnw0g7fi5-texlive-combined-2023-texmfdist/tex/latex/graphics-cfg/graphics.cfg
File: graphics.cfg 2016/06/04 v1.11 sample graphics configuration
)
Package graphics Info: Driver file: pdftex.def on input line 107.
 (/nix/store/hymdka6m8g1msh1pf4ncsbclnw0g7fi5-texlive-combined-2023-texmfdist/tex/latex/graphics-def/pdftex.def
File: pdftex.def 2022/09/22 v1.2b Graphics/color driver for pdftex
))
\Gin@req@height=\dimen142
\Gin@req@width=\dimen143
) (/nix/store/hymdka6m8g1msh1pf4ncsbclnw0g7fi5-texlive-combined-2023-texmfdist/tex/latex/amsmath/amsmath.sty
Package: amsmath 2023/05/13 v2.17o AMS math features
\@mathmargin=\skip51

For additional information on amsmath, use the `?' option.
(/nix/store/hymdka6m8g1msh1pf4ncsbclnw0g7fi5-texlive-combined-2023-texmfdist/tex/latex/amsmath/amstext.sty
Package: amstext 2021/08/26 v2.01 AMS text
 (/nix/store/hymdka6m8g1msh1pf4ncsbclnw0g7fi5-texlive-combined-2023-texmfdist/tex/latex/amsmath/amsgen.sty
File: amsgen.sty 1999/11/30 v2.0 generic functions
\@emptytoks=\toks18
\ex@=\dimen144
)) (/nix/store/hymdka6m8g1msh1pf4ncsbclnw0g7fi5-texlive-combined-2023-texmfdist/tex/latex/amsmath/amsbsy.sty
Package: amsbsy 1999/11/29 v1.2d Bold Symbols
\pmbraise@=\dimen145
) (/nix/store/hymdka6m8g1msh1pf4ncsbclnw0g7fi5-texlive-combined-2023-texmfdist/tex/latex/amsmath/amsopn.sty
Package: amsopn 2022/04/08 v2.04 operator names
)
\inf@bad=\count197
LaTeX Info: Redefining \frac on input line 234.
\uproot@=\count198
\leftroot@=\count199
LaTeX Info: Redefining \overline on input line 399.
LaTeX Info: Redefining \colon on input line 410.
\classnum@=\count266
\DOTSCASE@=\count267
LaTeX Info: Redefining \ldots on input line 496.
LaTeX Info: Redefining \dots on input line 499.
LaTeX Info: Redefining \cdots on input line 620.
\Mathstrutbox@=\box51
\strutbox@=\box52
LaTeX Info: Redefining \big on input line 722.
LaTeX Info: Redefining \Big on input line 723.
LaTeX Info: Redefining \bigg on input line 724.
LaTeX Info: Redefining \Bigg on input line 725.
\big@size=\dimen146
LaTeX Font Info:    Redeclaring font encoding OML on input line 743.
LaTeX Font Info:    Redeclaring font encoding OMS on input line 744.
\macc@depth=\count268
LaTeX Info: Redefining \bmod on input line 905.
LaTeX Info: Redefining \pmod on input line 910.
LaTeX Info: Redefining \smash on input line 940.
LaTeX Info: Redefining \relbar on input line 970.
LaTeX Info: Redefining \Relbar on input line 971.
\c@MaxMatrixCols=\count269
\dotsspace@=\muskip16
\c@parentequation=\count270
\dspbrk@lvl=\count271
\tag@help=\toks19
\row@=\count272
\column@=\count273
\maxfields@=\count274
\andhelp@=\toks20
\eqnshift@=\dimen147
\alignsep@=\dimen148
\tagshift@=\dimen149
\tagwidth@=\dimen150
\totwidth@=\dimen151
\lineht@=\dimen152
\@envbody=\toks21
\multlinegap=\skip52
\multlinetaggap=\skip53
\mathdisplay@stack=\toks22
LaTeX Info: Redefining \[ on input line 2953.
LaTeX Info: Redefining \] on input line 2954.
) (/nix/store/hymdka6m8g1msh1pf4ncsbclnw0g7fi5-texlive-combined-2023-texmfdist/tex/latex/amsfonts/amsfonts.sty
Package: amsfonts 2013/01/14 v3.01 Basic AMSFonts support
\symAMSa=\mathgroup4
\symAMSb=\mathgroup5
LaTeX Font Info:    Redeclaring math symbol \hbar on input line 98.
LaTeX Font Info:    Overwriting math alphabet `\mathfrak' in version `bold'
(Font)                  U/euf/m/n --> U/euf/b/n on input line 106.
) (/nix/store/hymdka6m8g1msh1pf4ncsbclnw0g7fi5-texlive-combined-2023-texmfdist/tex/latex/amsfonts/amssymb.sty
Package: amssymb 2013/01/14 v3.01 AMS font symbols
) (/nix/store/hymdka6m8g1msh1pf4ncsbclnw0g7fi5-texlive-combined-2023-texmfdist/tex/latex/l3kernel/expl3.sty
Package: expl3 2024-02-20 L3 programming layer (loader) 
 (/nix/store/hymdka6m8g1msh1pf4ncsbclnw0g7fi5-texlive-combined-2023-texmfdist/tex/latex/l3backend/l3backend-pdftex.def
File: l3backend-pdftex.def 2024-02-20 L3 backend support: PDF output (pdfTeX)
\l__color_backend_stack_int=\count275
\l__pdf_internal_box=\box53
)) (/nix/store/hymdka6m8g1msh1pf4ncsbclnw0g7fi5-texlive-combined-2023-texmfdist/tex/latex/l3packages/xparse/xparse.sty
Package: xparse 2024-02-18 L3 Experimental document command parser
) (/nix/store/hymdka6m8g1msh1pf4ncsbclnw0g7fi5-texlive-combined-2023-texmfdist/tex/latex/etoolbox/etoolbox.sty
Package: etoolbox 2020/10/05 v2.5k e-TeX tools for LaTeX (JAW)
\etb@tempcnta=\count276
) (/nix/store/hymdka6m8g1msh1pf4ncsbclnw0g7fi5-texlive-combined-2023-texmfdist/tex/latex/booktabs/booktabs.sty
Package: booktabs 2020/01/12 v1.61803398 Publication quality tables
\heavyrulewidth=\dimen153
\lightrulewidth=\dimen154
\cmidrulewidth=\dimen155
\belowrulesep=\dimen156
\belowbottomsep=\dimen157
\aboverulesep=\dimen158
\abovetopsep=\dimen159
\cmidrulesep=\dimen160
\cmidrulekern=\dimen161
\defaultaddspace=\dimen162
\@cmidla=\count277
\@cmidlb=\count278
\@aboverulesep=\dimen163
\@belowrulesep=\dimen164
\@thisruleclass=\count279
\@lastruleclass=\count280
\@thisrulewidth=\dimen165
) (/nix/store/hymdka6m8g1msh1pf4ncsbclnw0g7fi5-texlive-combined-2023-texmfdist/tex/latex/makecell/makecell.sty
Package: makecell 2009/08/03 V0.1e Managing of Tab Column Heads and Cells
 (/nix/store/hymdka6m8g1msh1pf4ncsbclnw0g7fi5-texlive-combined-2023-texmfdist/tex/latex/tools/array.sty
Package: array 2023/10/16 v2.5g Tabular extension package (FMi)
\col@sep=\dimen166
\ar@mcellbox=\box54
\extrarowheight=\dimen167
\NC@list=\toks23
\extratabsurround=\skip54
\backup@length=\skip55
\ar@cellbox=\box55
)
\rotheadsize=\dimen168
\c@nlinenum=\count281
\TeXr@lab=\toks24
) (/nix/store/hymdka6m8g1msh1pf4ncsbclnw0g7fi5-texlive-combined-2023-texmfdist/tex/latex/multirow/multirow.sty
Package: multirow 2021/03/15 v2.8 Span multiple rows of a table
\multirow@colwidth=\skip56
\multirow@cntb=\count282
\multirow@dima=\skip57
\bigstrutjot=\dimen169
) (/nix/store/hymdka6m8g1msh1pf4ncsbclnw0g7fi5-texlive-combined-2023-texmfdist/tex/latex/colortbl/colortbl.sty
Package: colortbl 2024/02/20 v1.0g Color table columns (DPC)
 (/nix/store/hymdka6m8g1msh1pf4ncsbclnw0g7fi5-texlive-combined-2023-texmfdist/tex/latex/graphics/color.sty
Package: color 2022/01/06 v1.3d Standard LaTeX Color (DPC)
 (/nix/store/hymdka6m8g1msh1pf4ncsbclnw0g7fi5-texlive-combined-2023-texmfdist/tex/latex/graphics-cfg/color.cfg
File: color.cfg 2016/01/02 v1.6 sample color configuration
)
Package color Info: Driver file: pdftex.def on input line 149.
 (/nix/store/hymdka6m8g1msh1pf4ncsbclnw0g7fi5-texlive-combined-2023-texmfdist/tex/latex/graphics/mathcolor.ltx))
\everycr=\toks25
\minrowclearance=\skip58
\rownum=\count283
)
(/nix/store/hymdka6m8g1msh1pf4ncsbclnw0g7fi5-texlive-combined-2023-texmfdist/tex/latex/tools/dcolumn.sty
Package: dcolumn 2023/07/08 v1.06 decimal alignment package (DPC)
) (/nix/store/hymdka6m8g1msh1pf4ncsbclnw0g7fi5-texlive-combined-2023-texmfdist/tex/latex/sttools/stfloats.sty
Package: stfloats 2017/03/27 v3.3 Improve float mechanism and baselineskip settings
\@dblbotnum=\count284
\c@dblbotnumber=\count285
) (/nix/store/hymdka6m8g1msh1pf4ncsbclnw0g7fi5-texlive-combined-2023-texmfdist/tex/latex/tools/xspace.sty
Package: xspace 2014/10/28 v1.13 Space after command names (DPC,MH)
) (/nix/store/hymdka6m8g1msh1pf4ncsbclnw0g7fi5-texlive-combined-2023-texmfdist/tex/generic/xstring/xstring.sty (/nix/store/hymdka6m8g1msh1pf4ncsbclnw0g7fi5-texlive-combined-2023-texmfdist/tex/generic/xstring/xstring.tex
\xs_counta=\count286
\xs_countb=\count287
)
Package: xstring 2023/08/22 v1.86 String manipulations (CT)
) (/nix/store/hymdka6m8g1msh1pf4ncsbclnw0g7fi5-texlive-combined-2023-texmfdist/tex/latex/footmisc/footmisc.sty
Package: footmisc 2023/07/05 v6.0f a miscellany of footnote facilities
\FN@temptoken=\toks26
\footnotemargin=\dimen170
\@outputbox@depth=\dimen171
Package footmisc Info: Declaring symbol style bringhurst on input line 696.
Package footmisc Info: Declaring symbol style chicago on input line 704.
Package footmisc Info: Declaring symbol style wiley on input line 713.
Package footmisc Info: Declaring symbol style lamport-robust on input line 724.
Package footmisc Info: Declaring symbol style lamport* on input line 744.
Package footmisc Info: Declaring symbol style lamport*-robust on input line 765.
) (/nix/store/hymdka6m8g1msh1pf4ncsbclnw0g7fi5-texlive-combined-2023-texmfdist/tex/latex/xcolor/xcolor.sty
Package: xcolor 2023/11/15 v3.01 LaTeX color extensions (UK)
 (/nix/store/hymdka6m8g1msh1pf4ncsbclnw0g7fi5-texlive-combined-2023-texmfdist/tex/latex/graphics-cfg/color.cfg
File: color.cfg 2016/01/02 v1.6 sample color configuration
)
Package xcolor Info: Driver file: pdftex.def on input line 274.
LaTeX Info: Redefining \color on input line 758.
 (/nix/store/hymdka6m8g1msh1pf4ncsbclnw0g7fi5-texlive-combined-2023-texmfdist/tex/latex/graphics/mathcolor.ltx)
Package xcolor Info: Model `cmy' substituted by `cmy0' on input line 1350.
Package xcolor Info: Model `hsb' substituted by `rgb' on input line 1354.
Package xcolor Info: Model `RGB' extended on input line 1366.
Package xcolor Info: Model `HTML' substituted by `rgb' on input line 1368.
Package xcolor Info: Model `Hsb' substituted by `hsb' on input line 1369.
Package xcolor Info: Model `tHsb' substituted by `hsb' on input line 1370.
Package xcolor Info: Model `HSB' substituted by `hsb' on input line 1371.
Package xcolor Info: Model `Gray' substituted by `gray' on input line 1372.
Package xcolor Info: Model `wave' substituted by `hsb' on input line 1373.
) (/nix/store/hymdka6m8g1msh1pf4ncsbclnw0g7fi5-texlive-combined-2023-texmfdist/tex/latex/xcolor/svgnam.def
File: svgnam.def 2023/11/15 v3.01 Predefined colors according to SVG 1.1 (UK)
) (/nix/store/hymdka6m8g1msh1pf4ncsbclnw0g7fi5-texlive-combined-2023-texmfdist/tex/latex/graphics/dvipsnam.def
File: dvipsnam.def 2016/06/17 v3.0m Driver-dependent file (DPC,SPQR)
) (/nix/store/hymdka6m8g1msh1pf4ncsbclnw0g7fi5-texlive-combined-2023-texmfdist/tex/latex/hyperref/hyperref.sty
Package: hyperref 2024-01-20 v7.01h Hypertext links for LaTeX
 (/nix/store/hymdka6m8g1msh1pf4ncsbclnw0g7fi5-texlive-combined-2023-texmfdist/tex/generic/iftex/iftex.sty
Package: iftex 2022/02/03 v1.0f TeX engine tests
) (/nix/store/hymdka6m8g1msh1pf4ncsbclnw0g7fi5-texlive-combined-2023-texmfdist/tex/latex/kvsetkeys/kvsetkeys.sty
Package: kvsetkeys 2022-10-05 v1.19 Key value parser (HO)
) (/nix/store/hymdka6m8g1msh1pf4ncsbclnw0g7fi5-texlive-combined-2023-texmfdist/tex/generic/kvdefinekeys/kvdefinekeys.sty
Package: kvdefinekeys 2019-12-19 v1.6 Define keys (HO)
) (/nix/store/hymdka6m8g1msh1pf4ncsbclnw0g7fi5-texlive-combined-2023-texmfdist/tex/generic/pdfescape/pdfescape.sty
Package: pdfescape 2019/12/09 v1.15 Implements pdfTeX's escape features (HO)
 (/nix/store/hymdka6m8g1msh1pf4ncsbclnw0g7fi5-texlive-combined-2023-texmfdist/tex/generic/ltxcmds/ltxcmds.sty
Package: ltxcmds 2023-12-04 v1.26 LaTeX kernel commands for general use (HO)
) (/nix/store/hymdka6m8g1msh1pf4ncsbclnw0g7fi5-texlive-combined-2023-texmfdist/tex/generic/pdftexcmds/pdftexcmds.sty
Package: pdftexcmds 2020-06-27 v0.33 Utility functions of pdfTeX for LuaTeX (HO)

(/nix/store/hymdka6m8g1msh1pf4ncsbclnw0g7fi5-texlive-combined-2023-texmfdist/tex/generic/infwarerr/infwarerr.sty
Package: infwarerr 2019/12/03 v1.5 Providing info/warning/error messages (HO)
)
Package pdftexcmds Info: \pdf@primitive is available.
Package pdftexcmds Info: \pdf@ifprimitive is available.
Package pdftexcmds Info: \pdfdraftmode found.
)) (/nix/store/hymdka6m8g1msh1pf4ncsbclnw0g7fi5-texlive-combined-2023-texmfdist/tex/latex/hycolor/hycolor.sty
Package: hycolor 2020-01-27 v1.10 Color options for hyperref/bookmark (HO)
) (/nix/store/hymdka6m8g1msh1pf4ncsbclnw0g7fi5-texlive-combined-2023-texmfdist/tex/latex/auxhook/auxhook.sty
Package: auxhook 2019-12-17 v1.6 Hooks for auxiliary files (HO)
) (/nix/store/hymdka6m8g1msh1pf4ncsbclnw0g7fi5-texlive-combined-2023-texmfdist/tex/latex/hyperref/nameref.sty
Package: nameref 2023-11-26 v2.56 Cross-referencing by name of section
 (/nix/store/hymdka6m8g1msh1pf4ncsbclnw0g7fi5-texlive-combined-2023-texmfdist/tex/latex/refcount/refcount.sty
Package: refcount 2019/12/15 v3.6 Data extraction from label references (HO)
) (/nix/store/hymdka6m8g1msh1pf4ncsbclnw0g7fi5-texlive-combined-2023-texmfdist/tex/generic/gettitlestring/gettitlestring.sty
Package: gettitlestring 2019/12/15 v1.6 Cleanup title references (HO)
 (/nix/store/hymdka6m8g1msh1pf4ncsbclnw0g7fi5-texlive-combined-2023-texmfdist/tex/latex/kvoptions/kvoptions.sty
Package: kvoptions 2022-06-15 v3.15 Key value format for package options (HO)
))
\c@section@level=\count288
)
\@linkdim=\dimen172
\Hy@linkcounter=\count289
\Hy@pagecounter=\count290
 (/nix/store/hymdka6m8g1msh1pf4ncsbclnw0g7fi5-texlive-combined-2023-texmfdist/tex/latex/hyperref/pd1enc.def
File: pd1enc.def 2024-01-20 v7.01h Hyperref: PDFDocEncoding definition (HO)
Now handling font encoding PD1 ...
... no UTF-8 mapping file for font encoding PD1
) (/nix/store/hymdka6m8g1msh1pf4ncsbclnw0g7fi5-texlive-combined-2023-texmfdist/tex/generic/intcalc/intcalc.sty
Package: intcalc 2019/12/15 v1.3 Expandable calculations with integers (HO)
)
\Hy@SavedSpaceFactor=\count291
 (/nix/store/hymdka6m8g1msh1pf4ncsbclnw0g7fi5-texlive-combined-2023-texmfdist/tex/latex/hyperref/puenc.def
File: puenc.def 2024-01-20 v7.01h Hyperref: PDF Unicode definition (HO)
Now handling font encoding PU ...
... no UTF-8 mapping file for font encoding PU
)
Package hyperref Info: Option `colorlinks' set `true' on input line 4062.
Package hyperref Info: Hyper figures OFF on input line 4179.
Package hyperref Info: Link nesting OFF on input line 4184.
Package hyperref Info: Hyper index ON on input line 4187.
Package hyperref Info: Plain pages OFF on input line 4194.
Package hyperref Info: Backreferencing OFF on input line 4199.
Package hyperref Info: Implicit mode ON; LaTeX internals redefined.
Package hyperref Info: Bookmarks ON on input line 4446.
\c@Hy@tempcnt=\count292
 (/nix/store/hymdka6m8g1msh1pf4ncsbclnw0g7fi5-texlive-combined-2023-texmfdist/tex/latex/url/url.sty
\Urlmuskip=\muskip17
Package: url 2013/09/16  ver 3.4  Verb mode for urls, etc.
)
LaTeX Info: Redefining \url on input line 4784.
\XeTeXLinkMargin=\dimen173
 (/nix/store/hymdka6m8g1msh1pf4ncsbclnw0g7fi5-texlive-combined-2023-texmfdist/tex/generic/bitset/bitset.sty
Package: bitset 2019/12/09 v1.3 Handle bit-vector datatype (HO)
 (/nix/store/hymdka6m8g1msh1pf4ncsbclnw0g7fi5-texlive-combined-2023-texmfdist/tex/generic/bigintcalc/bigintcalc.sty
Package: bigintcalc 2019/12/15 v1.5 Expandable calculations on big integers (HO)
))
\Fld@menulength=\count293
\Field@Width=\dimen174
\Fld@charsize=\dimen175
Package hyperref Info: Hyper figures OFF on input line 6063.
Package hyperref Info: Link nesting OFF on input line 6068.
Package hyperref Info: Hyper index ON on input line 6071.
Package hyperref Info: backreferencing OFF on input line 6078.
Package hyperref Info: Link coloring ON on input line 6081.
Package hyperref Info: Link coloring with OCG OFF on input line 6088.
Package hyperref Info: PDF/A mode OFF on input line 6093.
 (/nix/store/hymdka6m8g1msh1pf4ncsbclnw0g7fi5-texlive-combined-2023-texmfdist/tex/latex/base/atbegshi-ltx.sty
Package: atbegshi-ltx 2021/01/10 v1.0c Emulation of the original atbegshi
package with kernel methods
)
\Hy@abspage=\count294
\c@Item=\count295
\c@Hfootnote=\count296
)
Package hyperref Info: Driver (autodetected): hpdftex.
 (/nix/store/hymdka6m8g1msh1pf4ncsbclnw0g7fi5-texlive-combined-2023-texmfdist/tex/latex/hyperref/hpdftex.def
File: hpdftex.def 2024-01-20 v7.01h Hyperref driver for pdfTeX
 (/nix/store/hymdka6m8g1msh1pf4ncsbclnw0g7fi5-texlive-combined-2023-texmfdist/tex/latex/base/atveryend-ltx.sty
Package: atveryend-ltx 2020/08/19 v1.0a Emulation of the original atveryend package
with kernel methods
)
\Fld@listcount=\count297
\c@bookmark@seq@number=\count298
 (/nix/store/hymdka6m8g1msh1pf4ncsbclnw0g7fi5-texlive-combined-2023-texmfdist/tex/latex/rerunfilecheck/rerunfilecheck.sty
Package: rerunfilecheck 2022-07-10 v1.10 Rerun checks for auxiliary files (HO)

(/nix/store/hymdka6m8g1msh1pf4ncsbclnw0g7fi5-texlive-combined-2023-texmfdist/tex/generic/uniquecounter/uniquecounter.sty
Package: uniquecounter 2019/12/15 v1.4 Provide unlimited unique counter (HO)
)
Package uniquecounter Info: New unique counter `rerunfilecheck' on input line 285.
)
\Hy@SectionHShift=\skip59
) (/nix/store/hymdka6m8g1msh1pf4ncsbclnw0g7fi5-texlive-combined-2023-texmfdist/tex/latex/els-cas-templates/cas-common.sty
\l_stm_title_before_dim=\dimen176
\l_stm_title_after_dim=\dimen177
\g_ead_int=\count299
\g_uad_int=\count300
\@eadauthor=\toks27
\g_stm_tnote_int=\count301
\g_stm_fnote_int=\count302
\g_stm_cor_int=\count303
\g_stm_au_int=\count304
\g_stm_aau_int=\count305
\l_autype_int=\count306
\l_stm_augroup_before_dim=\dimen178
\l_stm_augroup_after_dim=\dimen179
\l_stm_augroup_lskip_tl=\dimen180
\l_stm_augroup_rskip_tl=\dimen181
\g_stm_aff_int=\count307
\g_stm_aff_ext_int=\count308
\g_stm_aff_int_int=\count309
\g_stm_fn_aff_ext_int=\count310
\g_stm_fn_aff_int_int=\count311
\l_stm_aff_before_dim=\dimen182
\l_stm_aff_after_dim=\dimen183
\l_stm_aff_lskip_dim=\dimen184
\l_stm_aff_rskip_dim=\dimen185
\g_stm_augr_int=\count312
\g_stm_aaugr_int=\count313
 (/nix/store/hymdka6m8g1msh1pf4ncsbclnw0g7fi5-texlive-combined-2023-texmfdist/tex/latex/moreverb/moreverb.sty
Package: moreverb 2008/06/03 v2.3a `more' verbatim facilities
 (/nix/store/hymdka6m8g1msh1pf4ncsbclnw0g7fi5-texlive-combined-2023-texmfdist/tex/latex/tools/verbatim.sty
Package: verbatim 2023-11-06 v1.5v LaTeX2e package for verbatim enhancements
\every@verbatim=\toks28
\verbatim@line=\toks29
\verbatim@in@stream=\read2
)
\tab@position=\count314
\tab@size=\count315
\listing@line=\count316
)
\g_stm_abs_box=\box56
\casgrabsbox=\box57
\casauhlbox=\box58
\g_stm_key_box=\box59
\g_stm_jtype_int=\count317
\g_stm_blind_int=\count318
\c@au=\count319
\c@cnote=\count320
\c@tnote=\count321
\c@fnote=\count322
\c@aff=\count323
\g_stm_notes_box=\box60
\g_stm_front_box=\box61
\paraindent=\dimen186
\subparaindent=\dimen187
\FullWidth=\dimen188
\l_tbl_width_dim=\dimen189
\l_tbl_abovecap_skip=\skip60
\l_tbl_belowcap_skip=\skip61
\l_tbl_abovetbl_skip=\skip62
\l_tbl_belowtbl_skip=\skip63
\l_fig_width_dim=\dimen190
\cascaptionbox=\box62
\l_fig_abovecap_skip=\skip64
\l_fig_belowcap_skip=\skip65
\l_fig_abovefig_skip=\skip66
\l_fig_belowfig_skip=\skip67
 (/nix/store/hymdka6m8g1msh1pf4ncsbclnw0g7fi5-texlive-combined-2023-texmfdist/tex/latex/wrapfig/wrapfig.sty
\wrapoverhang=\dimen191
\WF@size=\dimen192
\c@WF@wrappedlines=\count324
\WF@box=\box63
\WF@everypar=\toks30
Package: wrapfig 2003/01/31  v 3.6
)
\l_wrap_figwidth_dim=\dimen193
\l_wrap_fighspace_dim=\dimen194
\l_wrap_figvspace_dim=\dimen195
\l_wrap_fighcorr_dim=\dimen196
\l_wrap_figvcorr_dim=\dimen197
\l_above_bio_dim=\dimen198
\l_wrap_figlcorr_int=\count325
\l_wrap_figlines_int=\count326
\l_bio_text_box=\box64
\c@ca_biography_ctr=\count327
\l_ca_temp_inta=\count328
\leftMargin=\dimen199
\@enLab=\toks31
\@sep=\skip68
\@@sep=\skip69
) (/nix/store/hymdka6m8g1msh1pf4ncsbclnw0g7fi5-texlive-combined-2023-texmfdist/tex/latex/base/fontenc.sty
Package: fontenc 2021/04/29 v2.0v Standard LaTeX package
) (/nix/store/hymdka6m8g1msh1pf4ncsbclnw0g7fi5-texlive-combined-2023-texmfdist/tex/latex/stix/stix.sty
Package: stix 2018/04/17 v1.1.3-latex STIX fonts support package
 (/nix/store/hymdka6m8g1msh1pf4ncsbclnw0g7fi5-texlive-combined-2023-texmfdist/tex/latex/base/textcomp.sty
Package: textcomp 2020/02/02 v2.0n Standard LaTeX package
LaTeX Font Info:    Changing ? sub-encoding to TS1/0 on input line 78.
)
Now handling font encoding LS1 ...
... no UTF-8 mapping file for font encoding LS1
Now handling font encoding LS2 ...
... no UTF-8 mapping file for font encoding LS2
LaTeX Font Info:    Redeclaring symbol font `letters' on input line 76.
LaTeX Font Info:    Encoding `OML' has changed to `LS1' for symbol font
(Font)              `letters' in the math version `normal' on input line 76.
LaTeX Font Info:    Overwriting symbol font `letters' in version `normal'
(Font)                  OML/cmm/m/it --> LS1/stix/m/it on input line 76.
LaTeX Font Info:    Encoding `OML' has changed to `LS1' for symbol font
(Font)              `letters' in the math version `bold' on input line 76.
LaTeX Font Info:    Overwriting symbol font `letters' in version `bold'
(Font)                  OML/cmm/b/it --> LS1/stix/m/it on input line 76.
LaTeX Font Info:    Redeclaring symbol font `operators' on input line 77.
LaTeX Font Info:    Encoding `OT1' has changed to `LS1' for symbol font
(Font)              `operators' in the math version `normal' on input line 77.
LaTeX Font Info:    Overwriting symbol font `operators' in version `normal'
(Font)                  OT1/cmr/m/n --> LS1/stix/m/n on input line 77.
LaTeX Font Info:    Encoding `OT1' has changed to `LS1' for symbol font
(Font)              `operators' in the math version `bold' on input line 77.
LaTeX Font Info:    Overwriting symbol font `operators' in version `bold'
(Font)                  OT1/cmr/bx/n --> LS1/stix/m/n on input line 77.
\symbold-operators=\mathgroup6
LaTeX Font Info:    Redeclaring symbol font `symbols' on input line 79.
LaTeX Font Info:    Encoding `OMS' has changed to `LS1' for symbol font
(Font)              `symbols' in the math version `normal' on input line 79.
LaTeX Font Info:    Overwriting symbol font `symbols' in version `normal'
(Font)                  OMS/cmsy/m/n --> LS1/stixscr/m/n on input line 79.
LaTeX Font Info:    Encoding `OMS' has changed to `LS1' for symbol font
(Font)              `symbols' in the math version `bold' on input line 79.
LaTeX Font Info:    Overwriting symbol font `symbols' in version `bold'
(Font)                  OMS/cmsy/b/n --> LS1/stixscr/m/n on input line 79.
\symsymbols2=\mathgroup7
\symsymbols3=\mathgroup8
\symsymbols4=\mathgroup9
\symintegrals=\mathgroup10
LaTeX Font Info:    Redeclaring symbol font `largesymbols' on input line 84.
LaTeX Font Info:    Encoding `OMX' has changed to `LS2' for symbol font
(Font)              `largesymbols' in the math version `normal' on input line 84.
LaTeX Font Info:    Overwriting symbol font `largesymbols' in version `normal'
(Font)                  OMX/cmex/m/n --> LS2/stixex/m/n on input line 84.
LaTeX Font Info:    Encoding `OMX' has changed to `LS2' for symbol font
(Font)              `largesymbols' in the math version `bold' on input line 84.
LaTeX Font Info:    Overwriting symbol font `largesymbols' in version `bold'
(Font)                  OMX/cmex/m/n --> LS2/stixex/m/n on input line 84.
\symarrows1=\mathgroup11
\symarrows2=\mathgroup12
\symarrows3=\mathgroup13
LaTeX Font Info:    Overwriting symbol font `letters' in version `bold'
(Font)                  LS1/stix/m/it --> LS1/stix/b/it on input line 88.
LaTeX Font Info:    Overwriting symbol font `operators' in version `bold'
(Font)                  LS1/stix/m/n --> LS1/stix/b/n on input line 89.
LaTeX Font Info:    Overwriting symbol font `symbols' in version `bold'
(Font)                  LS1/stixscr/m/n --> LS1/stixscr/b/n on input line 90.
LaTeX Font Info:    Overwriting symbol font `symbols2' in version `bold'
(Font)                  LS1/stixfrak/m/n --> LS1/stixfrak/b/n on input line 91.
LaTeX Font Info:    Overwriting symbol font `symbols3' in version `bold'
(Font)                  LS1/stixbb/m/n --> LS1/stixbb/b/n on input line 92.
LaTeX Font Info:    Overwriting symbol font `symbols4' in version `bold'
(Font)                  LS1/stixbb/m/it --> LS1/stixbb/b/it on input line 93.
LaTeX Font Info:    Overwriting symbol font `integrals' in version `bold'
(Font)                  LS2/stixcal/m/n --> LS2/stixcal/b/n on input line 94.
LaTeX Font Info:    Overwriting symbol font `largesymbols' in version `bold'
(Font)                  LS2/stixex/m/n --> LS2/stixex/b/n on input line 95.
LaTeX Font Info:    Overwriting symbol font `arrows1' in version `bold'
(Font)                  LS1/stixsf/m/n --> LS1/stixsf/b/n on input line 96.
LaTeX Font Info:    Overwriting symbol font `arrows2' in version `bold'
(Font)                  LS1/stixsf/m/it --> LS1/stixsf/b/it on input line 97.
LaTeX Font Info:    Overwriting symbol font `arrows3' in version `bold'
(Font)                  LS2/stixtt/m/n --> LS2/stixtt/b/n on input line 98.
LaTeX Font Info:    Redeclaring math alphabet \mathit on input line 99.
LaTeX Font Info:    Redeclaring math alphabet \mathfrak on input line 102.
LaTeX Font Info:    Redeclaring math alphabet \mathsf on input line 106.
LaTeX Font Info:    Redeclaring math alphabet \mathtt on input line 108.
LaTeX Font Info:    Redeclaring math alphabet \mathbf on input line 109.
LaTeX Info: Redefining \yen on input line 456.
LaTeX Info: Redefining \circledR on input line 458.
LaTeX Info: Redefining \checkmark on input line 460.
LaTeX Info: Redefining \maltese on input line 461.
LaTeX Font Info:    Redeclaring math accent \grave on input line 698.
LaTeX Font Info:    Redeclaring math accent \acute on input line 699.
LaTeX Font Info:    Redeclaring math accent \hat on input line 700.
LaTeX Font Info:    Redeclaring math accent \tilde on input line 701.
LaTeX Font Info:    Redeclaring math accent \bar on input line 702.
LaTeX Font Info:    Redeclaring math accent \breve on input line 703.
LaTeX Font Info:    Redeclaring math accent \dot on input line 704.
LaTeX Font Info:    Redeclaring math accent \ddot on input line 705.
LaTeX Font Info:    Redeclaring math accent \mathring on input line 707.
LaTeX Font Info:    Redeclaring math accent \check on input line 708.
LaTeX Font Info:    Redeclaring math accent \vec on input line 716.
LaTeX Font Info:    Redeclaring math accent \widehat on input line 728.
LaTeX Font Info:    Redeclaring math accent \widetilde on input line 729.
LaTeX Info: Redefining \vdots on input line 1518.
LaTeX Info: Redefining \cdots on input line 1522.
LaTeX Font Info:    Redeclaring math symbol \mathsterling on input line 1978.
LaTeX Info: Redefining \not on input line 2144.
) (/nix/store/hymdka6m8g1msh1pf4ncsbclnw0g7fi5-texlive-combined-2023-texmfdist/tex/latex/geometry/geometry.sty
Package: geometry 2020/01/02 v5.9 Page Geometry
 (/nix/store/hymdka6m8g1msh1pf4ncsbclnw0g7fi5-texlive-combined-2023-texmfdist/tex/generic/iftex/ifvtex.sty
Package: ifvtex 2019/10/25 v1.7 ifvtex legacy package. Use iftex instead.
)
\Gm@cnth=\count329
\Gm@cntv=\count330
\c@Gm@tempcnt=\count331
\Gm@bindingoffset=\dimen256
\Gm@wd@mp=\dimen257
\Gm@odd@mp=\dimen258
\Gm@even@mp=\dimen259
\Gm@layoutwidth=\dimen260
\Gm@layoutheight=\dimen261
\Gm@layouthoffset=\dimen262
\Gm@layoutvoffset=\dimen263
\Gm@dimlist=\toks32
)) (./latex_files/preamble.tex (/nix/store/hymdka6m8g1msh1pf4ncsbclnw0g7fi5-texlive-combined-2023-texmfdist/tex/latex/natbib/natbib.sty
Package: natbib 2010/09/13 8.31b (PWD, AO)
\bibhang=\skip70
\bibsep=\skip71
LaTeX Info: Redefining \cite on input line 694.
\c@NAT@ctr=\count332
) (/nix/store/hymdka6m8g1msh1pf4ncsbclnw0g7fi5-texlive-combined-2023-texmfdist/tex/latex/subfigure/subfigure.sty
Package: subfigure 2002/03/15 v2.1.5 subfigure package
\subfigtopskip=\skip72
\subfigcapskip=\skip73
\subfigcaptopadj=\dimen264
\subfigbottomskip=\skip74
\subfigcapmargin=\dimen265
\subfiglabelskip=\skip75
\c@subfigure=\count333
\c@lofdepth=\count334
\c@subtable=\count335
\c@lotdepth=\count336

****************************************
* Local config file subfigure.cfg used *
****************************************
(/nix/store/hymdka6m8g1msh1pf4ncsbclnw0g7fi5-texlive-combined-2023-texmfdist/tex/latex/subfigure/subfigure.cfg)
\subfig@top=\skip76
\subfig@bottom=\skip77
) (/nix/store/hymdka6m8g1msh1pf4ncsbclnw0g7fi5-texlive-combined-2023-texmfdist/tex/latex/letltxmacro/letltxmacro.sty
Package: letltxmacro 2019/12/03 v1.6 Let assignment for LaTeX macros (HO)
) (/nix/store/hymdka6m8g1msh1pf4ncsbclnw0g7fi5-texlive-combined-2023-texmfdist/tex/latex/tools/longtable.sty
Package: longtable 2023-11-01 v4.19 Multi-page Table package (DPC)
\LTleft=\skip78
\LTright=\skip79
\LTpre=\skip80
\LTpost=\skip81
\LTchunksize=\count337
\LTcapwidth=\dimen266
\LT@head=\box65
\LT@firsthead=\box66
\LT@foot=\box67
\LT@lastfoot=\box68
\LT@gbox=\box69
\LT@cols=\count338
\LT@rows=\count339
\c@LT@tables=\count340
\c@LT@chunks=\count341
\LT@p@ftn=\toks33
) (/nix/store/hymdka6m8g1msh1pf4ncsbclnw0g7fi5-texlive-combined-2023-texmfdist/tex/latex/pdflscape/pdflscape.sty
Package: pdflscape 2022-10-27 v0.13 Display of landscape pages in PDF
 (/nix/store/hymdka6m8g1msh1pf4ncsbclnw0g7fi5-texlive-combined-2023-texmfdist/tex/latex/pdflscape/pdflscape-nometadata.sty
Package: pdflscape-nometadata 2022-10-28 v0.13 Display of landscape pages in PDF (HO)
 (/nix/store/hymdka6m8g1msh1pf4ncsbclnw0g7fi5-texlive-combined-2023-texmfdist/tex/latex/graphics/lscape.sty
Package: lscape 2020/05/28 v3.02 Landscape Pages (DPC)
)
Package pdflscape Info: Auto-detected driver: pdftex on input line 81.
)) (/nix/store/hymdka6m8g1msh1pf4ncsbclnw0g7fi5-texlive-combined-2023-texmfdist/tex/latex/tabu/tabu.sty
Package: tabu 2019/01/11 v2.9 - flexible LaTeX tabulars (FC+tabu-fixed)
 (/nix/store/hymdka6m8g1msh1pf4ncsbclnw0g7fi5-texlive-combined-2023-texmfdist/tex/latex/varwidth/varwidth.sty
Package: varwidth 2009/03/30 ver 0.92;  Variable-width minipages
\@vwid@box=\box70
\sift@deathcycles=\count342
\@vwid@loff=\dimen267
\@vwid@roff=\dimen268
)
\c@taburow=\count343
\tabu@nbcols=\count344
\tabu@cnt=\count345
\tabu@Xcol=\count346
\tabu@alloc=\count347
\tabu@nested=\count348
\tabu@target=\dimen269
\tabu@spreadtarget=\dimen270
\tabu@naturalX=\dimen271
\tabucolX=\dimen272
\tabu@Xsum=\dimen273
\extrarowdepth=\dimen274
\abovetabulinesep=\dimen275
\belowtabulinesep=\dimen276
\tabustrutrule=\dimen277
\tabu@thebody=\toks34
\tabu@footnotes=\toks35
\tabu@box=\box71
\tabu@arstrutbox=\box72
\tabu@hleads=\box73
\tabu@vleads=\box74
\tabu@cellskip=\skip82
) (/nix/store/hymdka6m8g1msh1pf4ncsbclnw0g7fi5-texlive-combined-2023-texmfdist/tex/generic/ulem/ulem.sty
\UL@box=\box75
\UL@hyphenbox=\box76
\UL@skip=\skip83
\UL@hook=\toks36
\UL@height=\dimen278
\UL@pe=\count349
\UL@pixel=\dimen279
\ULC@box=\box77
Package: ulem 2019/11/18
\ULdepth=\dimen280
) (/nix/store/hymdka6m8g1msh1pf4ncsbclnw0g7fi5-texlive-combined-2023-texmfdist/tex/latex/caption/caption.sty
Package: caption 2023/08/05 v3.6o Customizing captions (AR)
 (/nix/store/hymdka6m8g1msh1pf4ncsbclnw0g7fi5-texlive-combined-2023-texmfdist/tex/latex/caption/caption3.sty
Package: caption3 2023/07/31 v2.4d caption3 kernel (AR)
\caption@tempdima=\dimen281
\captionmargin=\dimen282
\caption@leftmargin=\dimen283
\caption@rightmargin=\dimen284
\caption@width=\dimen285
\caption@indent=\dimen286
\caption@parindent=\dimen287
\caption@hangindent=\dimen288
Package caption Info: Standard document class detected.
)
\c@caption@flags=\count350
\c@continuedfloat=\count351
Package caption Info: hyperref package is loaded.
Package caption Info: longtable package is loaded.
 (/nix/store/hymdka6m8g1msh1pf4ncsbclnw0g7fi5-texlive-combined-2023-texmfdist/tex/latex/caption/ltcaption.sty
Package: ltcaption 2021/01/08 v1.4c longtable captions (AR)
)
Package caption Info: subfigure package is loaded.
Package caption Info: wrapfig package is loaded.
) (/nix/store/hymdka6m8g1msh1pf4ncsbclnw0g7fi5-texlive-combined-2023-texmfdist/tex/latex/tools/tabularx.sty
Package: tabularx 2023/07/08 v2.11c `tabularx' package (DPC)
\TX@col@width=\dimen289
\TX@old@table=\dimen290
\TX@old@col=\dimen291
\TX@target=\dimen292
\TX@delta=\dimen293
\TX@cols=\count352
\TX@ftn=\toks37
) (/nix/store/hymdka6m8g1msh1pf4ncsbclnw0g7fi5-texlive-combined-2023-texmfdist/tex/latex/adjustbox/adjustbox.sty
Package: adjustbox 2022/10/17 v1.3a Adjusting TeX boxes (trim, clip, ...)
 (/nix/store/hymdka6m8g1msh1pf4ncsbclnw0g7fi5-texlive-combined-2023-texmfdist/tex/latex/xkeyval/xkeyval.sty
Package: xkeyval 2022/06/16 v2.9 package option processing (HA)
 (/nix/store/hymdka6m8g1msh1pf4ncsbclnw0g7fi5-texlive-combined-2023-texmfdist/tex/generic/xkeyval/xkeyval.tex (/nix/store/hymdka6m8g1msh1pf4ncsbclnw0g7fi5-texlive-combined-2023-texmfdist/tex/generic/xkeyval/xkvutils.tex
\XKV@toks=\toks38
\XKV@tempa@toks=\toks39
)
\XKV@depth=\count353
File: xkeyval.tex 2014/12/03 v2.7a key=value parser (HA)
)) (/nix/store/hymdka6m8g1msh1pf4ncsbclnw0g7fi5-texlive-combined-2023-texmfdist/tex/latex/adjustbox/adjcalc.sty
Package: adjcalc 2012/05/16 v1.1 Provides advanced setlength with multiple back-ends (calc, etex, pgfmath)
)
(/nix/store/hymdka6m8g1msh1pf4ncsbclnw0g7fi5-texlive-combined-2023-texmfdist/tex/latex/adjustbox/trimclip.sty
Package: trimclip 2020/08/19 v1.2 Trim and clip general TeX material
 (/nix/store/hymdka6m8g1msh1pf4ncsbclnw0g7fi5-texlive-combined-2023-texmfdist/tex/latex/collectbox/collectbox.sty
Package: collectbox 2022/10/17 v0.4c Collect macro arguments as boxes
\collectedbox=\box78
)
\tc@llx=\dimen294
\tc@lly=\dimen295
\tc@urx=\dimen296
\tc@ury=\dimen297
Package trimclip Info: Using driver 'tc-pdftex.def'.
 (/nix/store/hymdka6m8g1msh1pf4ncsbclnw0g7fi5-texlive-combined-2023-texmfdist/tex/latex/adjustbox/tc-pdftex.def
File: tc-pdftex.def 2019/01/04 v2.2 Clipping driver for pdftex
))
\adjbox@Width=\dimen298
\adjbox@Height=\dimen299
\adjbox@Depth=\dimen300
\adjbox@Totalheight=\dimen301
\adjbox@pwidth=\dimen302
\adjbox@pheight=\dimen303
\adjbox@pdepth=\dimen304
\adjbox@ptotalheight=\dimen305
 (/nix/store/hymdka6m8g1msh1pf4ncsbclnw0g7fi5-texlive-combined-2023-texmfdist/tex/latex/ifoddpage/ifoddpage.sty
Package: ifoddpage 2022/10/18 v1.2 Conditionals for odd/even page detection
\c@checkoddpage=\count354
)) (/nix/store/hymdka6m8g1msh1pf4ncsbclnw0g7fi5-texlive-combined-2023-texmfdist/tex/latex/mfirstuc/mfirstuc.sty
Package: mfirstuc 2022/10/14 v2.08 (NLCT)
\@glsmfirst=\toks40
\@glsmrest=\toks41
) (/nix/store/hymdka6m8g1msh1pf4ncsbclnw0g7fi5-texlive-combined-2023-texmfdist/tex/latex/float/float.sty
Package: float 2001/11/08 v1.3d Float enhancements (AL)
\c@float@type=\count355
\float@exts=\toks42
\float@box=\box79
\@float@everytoks=\toks43
\@floatcapt=\box80
) (/nix/store/hymdka6m8g1msh1pf4ncsbclnw0g7fi5-texlive-combined-2023-texmfdist/tex/latex/placeins/placeins.sty
Package: placeins 2005/04/18  v 2.2
) (/nix/store/hymdka6m8g1msh1pf4ncsbclnw0g7fi5-texlive-combined-2023-texmfdist/tex/latex/mdwtools/footnote.sty
Package: footnote 1997/01/28 1.13 Save footnotes around boxes
\fn@notes=\box81
\fn@width=\dimen306
) (/nix/store/hymdka6m8g1msh1pf4ncsbclnw0g7fi5-texlive-combined-2023-texmfdist/tex/latex/stackengine/stackengine.sty
Package: stackengine 2021/07/22 v4.11\ Stacking text and objects in convenient ways
 (/nix/store/hymdka6m8g1msh1pf4ncsbclnw0g7fi5-texlive-combined-2023-texmfdist/tex/generic/listofitems/listofitems.sty (/nix/store/hymdka6m8g1msh1pf4ncsbclnw0g7fi5-texlive-combined-2023-texmfdist/tex/generic/listofitems/listofitems.tex
\loi_cnt_foreach_nest=\count356
\loi_nestcnt=\count357
)
Package: listofitems 2024/03/09 v1.65 Grab items in lists using user-specified sep char (CT)
) (/nix/store/hymdka6m8g1msh1pf4ncsbclnw0g7fi5-texlive-combined-2023-texmfdist/tex/latex/tools/calc.sty
Package: calc 2023/07/08 v4.3 Infix arithmetic (KKT,FJ)
\calc@Acount=\count358
\calc@Bcount=\count359
\calc@Adimen=\dimen307
\calc@Bdimen=\dimen308
\calc@Askip=\skip84
\calc@Bskip=\skip85
LaTeX Info: Redefining \setlength on input line 80.
LaTeX Info: Redefining \addtolength on input line 81.
\calc@Ccount=\count360
\calc@Cskip=\skip86
)
\c@@stackindex=\count361
\@boxshift=\skip87
\stack@tmplength=\skip88
\temp@stkl=\skip89
\@stackedboxwidth=\skip90
\@addedbox=\box82
\@anchorbox=\box83
\@insetbox=\box84
\se@backgroundbox=\box85
\stackedbox=\box86
\@centerbox=\box87
\c@ROWcellindex@=\count362
) (/nix/store/hymdka6m8g1msh1pf4ncsbclnw0g7fi5-texlive-combined-2023-texmfdist/tex/latex/ragged2e/ragged2e.sty
Package: ragged2e 2023/06/22 v3.6 ragged2e Package
\CenteringLeftskip=\skip91
\RaggedLeftLeftskip=\skip92
\RaggedRightLeftskip=\skip93
\CenteringRightskip=\skip94
\RaggedLeftRightskip=\skip95
\RaggedRightRightskip=\skip96
\CenteringParfillskip=\skip97
\RaggedLeftParfillskip=\skip98
\RaggedRightParfillskip=\skip99
\JustifyingParfillskip=\skip100
\CenteringParindent=\skip101
\RaggedLeftParindent=\skip102
\RaggedRightParindent=\skip103
\JustifyingParindent=\skip104
))
LaTeX Font Info:    Trying to load font information for T1+stix on input line 3.
 (/nix/store/hymdka6m8g1msh1pf4ncsbclnw0g7fi5-texlive-combined-2023-texmfdist/tex/latex/stix/t1stix.fd
File: t1stix.fd 2015/04/17 v1.1.2-latex STIX T1 font definitions
) (./main.aux)
\openout1 = `main.aux'.

LaTeX Font Info:    Checking defaults for OML/cmm/m/it on input line 3.
LaTeX Font Info:    ... okay on input line 3.
LaTeX Font Info:    Checking defaults for OMS/cmsy/m/n on input line 3.
LaTeX Font Info:    ... okay on input line 3.
LaTeX Font Info:    Checking defaults for OT1/cmr/m/n on input line 3.
LaTeX Font Info:    ... okay on input line 3.
LaTeX Font Info:    Checking defaults for T1/cmr/m/n on input line 3.
LaTeX Font Info:    ... okay on input line 3.
LaTeX Font Info:    Checking defaults for TS1/cmr/m/n on input line 3.
LaTeX Font Info:    ... okay on input line 3.
LaTeX Font Info:    Checking defaults for OMX/cmex/m/n on input line 3.
LaTeX Font Info:    ... okay on input line 3.
LaTeX Font Info:    Checking defaults for U/cmr/m/n on input line 3.
LaTeX Font Info:    ... okay on input line 3.
LaTeX Font Info:    Checking defaults for PD1/pdf/m/n on input line 3.
LaTeX Font Info:    ... okay on input line 3.
LaTeX Font Info:    Checking defaults for PU/pdf/m/n on input line 3.
LaTeX Font Info:    ... okay on input line 3.
LaTeX Font Info:    Checking defaults for LS1/stix/m/n on input line 3.
LaTeX Font Info:    Trying to load font information for LS1+stix on input line 3.
 (/nix/store/hymdka6m8g1msh1pf4ncsbclnw0g7fi5-texlive-combined-2023-texmfdist/tex/latex/stix/ls1stix.fd
File: ls1stix.fd 2015/04/17 v1.1.2-latex STIX LS1 font definitions
)
LaTeX Font Info:    ... okay on input line 3.
LaTeX Font Info:    Checking defaults for LS2/stix/m/n on input line 3.
LaTeX Font Info:    Trying to load font information for LS2+stix on input line 3.
 (/nix/store/hymdka6m8g1msh1pf4ncsbclnw0g7fi5-texlive-combined-2023-texmfdist/tex/latex/stix/ls2stix.fd
File: ls2stix.fd 2015/04/17 v1.1.2-latex STIX LS2 font definitions
)
LaTeX Font Info:    ... okay on input line 3.
 (/nix/store/hymdka6m8g1msh1pf4ncsbclnw0g7fi5-texlive-combined-2023-texmfdist/tex/context/base/mkii/supp-pdf.mkii
[Loading MPS to PDF converter (version 2006.09.02).]
\scratchcounter=\count363
\scratchdimen=\dimen309
\scratchbox=\box88
\nofMPsegments=\count364
\nofMParguments=\count365
\everyMPshowfont=\toks44
\MPscratchCnt=\count366
\MPscratchDim=\dimen310
\MPnumerator=\count367
\makeMPintoPDFobject=\count368
\everyMPtoPDFconversion=\toks45
) (/nix/store/hymdka6m8g1msh1pf4ncsbclnw0g7fi5-texlive-combined-2023-texmfdist/tex/latex/epstopdf-pkg/epstopdf-base.sty
Package: epstopdf-base 2020-01-24 v2.11 Base part for package epstopdf
Package epstopdf-base Info: Redefining graphics rule for `.eps' on input line 485.
 (/nix/store/hymdka6m8g1msh1pf4ncsbclnw0g7fi5-texlive-combined-2023-texmfdist/tex/latex/latexconfig/epstopdf-sys.cfg
File: epstopdf-sys.cfg 2010/07/13 v1.3 Configuration of (r)epstopdf for TeX Live
))
LaTeX Info: Command `\dddot' is already robust on input line 3.
LaTeX Info: Command `\ddddot' is already robust on input line 3.
Package hyperref Info: Link coloring ON on input line 3.
 (./main.out) (./main.out)
\@outlinefile=\write3
\openout3 = `main.out'.


*geometry* driver: auto-detecting
*geometry* detected driver: pdftex
*geometry* verbose mode - [ preamble ] result:
* driver: pdftex
* paper: custom
* layout: <same size as paper>
* layoutoffset:(h,v)=(0.0pt,0.0pt)
* modes: 
* h-part:(L,W,R)=(38.98026pt, 468.3324pt, 38.98026pt)
* v-part:(T,H,B)=(54.06023pt, 637.34175pt, 54.06023pt)
* \paperwidth=546.29291pt
* \paperheight=745.4622pt
* \textwidth=468.3324pt
* \textheight=637.34175pt
* \oddsidemargin=-33.28973pt
* \evensidemargin=-33.28973pt
* \topmargin=-42.20976pt
* \headheight=12.0pt
* \headsep=12.0pt
* \topskip=10.0pt
* \footskip=12.0pt
* \marginparwidth=57.0pt
* \marginparsep=11.0pt
* \columnsep=10.0pt
* \skip\footins=9.0pt plus 4.0pt minus 2.0pt
* \hoffset=0.0pt
* \voffset=0.0pt
* \mag=1000
* \@twocolumnfalse
* \@twosidefalse
* \@mparswitchfalse
* \@reversemarginfalse
* (1in=72.27pt=25.4mm, 1cm=28.453pt)

Package caption Info: Begin \AtBeginDocument code.
Package caption Info: float package is loaded.
Package caption Info: End \AtBeginDocument code.
\verbatim@out=\write4
\openout4 = `main.abs'.

LaTeX Font Info:    Trying to load font information for LS1+stixscr on input line 180.
(/nix/store/hymdka6m8g1msh1pf4ncsbclnw0g7fi5-texlive-combined-2023-texmfdist/tex/latex/stix/ls1stixscr.fd
File: ls1stixscr.fd 2015/04/17 v1.1.2-latex STIX script LS1 font definitions
)
LaTeX Font Info:    Trying to load font information for LS2+stixex on input line 180.
 (/nix/store/hymdka6m8g1msh1pf4ncsbclnw0g7fi5-texlive-combined-2023-texmfdist/tex/latex/stix/ls2stixex.fd
File: ls2stixex.fd 2015/04/17 v1.1.2-latex STIX extentions LS2 font definitions
)
LaTeX Font Info:    Trying to load font information for U+msa on input line 180.
 (/nix/store/hymdka6m8g1msh1pf4ncsbclnw0g7fi5-texlive-combined-2023-texmfdist/tex/latex/amsfonts/umsa.fd
File: umsa.fd 2013/01/14 v3.01 AMS symbols A
)
LaTeX Font Info:    Trying to load font information for U+msb on input line 180.
 (/nix/store/hymdka6m8g1msh1pf4ncsbclnw0g7fi5-texlive-combined-2023-texmfdist/tex/latex/amsfonts/umsb.fd
File: umsb.fd 2013/01/14 v3.01 AMS symbols B
)
LaTeX Font Info:    Trying to load font information for LS1+stixfrak on input line 180.
 (/nix/store/hymdka6m8g1msh1pf4ncsbclnw0g7fi5-texlive-combined-2023-texmfdist/tex/latex/stix/ls1stixfrak.fd
File: ls1stixfrak.fd 2015/04/17 v1.1.2-latex STIX fraktur LS1 font definitions
)
LaTeX Font Info:    Trying to load font information for LS1+stixbb on input line 180.
 (/nix/store/hymdka6m8g1msh1pf4ncsbclnw0g7fi5-texlive-combined-2023-texmfdist/tex/latex/stix/ls1stixbb.fd
File: ls1stixbb.fd 2015/04/17 v1.1.2-latex STIX blackboard LS1 font definitions
)
LaTeX Font Info:    Trying to load font information for LS2+stixcal on input line 180.
 (/nix/store/hymdka6m8g1msh1pf4ncsbclnw0g7fi5-texlive-combined-2023-texmfdist/tex/latex/stix/ls2stixcal.fd
File: ls2stixcal.fd 2015/04/17 v1.1.2-latex STIX calligraphic LS2 font definitions
)
LaTeX Font Info:    Trying to load font information for LS1+stixsf on input line 180.
 (/nix/store/hymdka6m8g1msh1pf4ncsbclnw0g7fi5-texlive-combined-2023-texmfdist/tex/latex/stix/ls1stixsf.fd
File: ls1stixsf.fd 2015/04/17 v1.1.2-latex STIX sans-serif LS1 font definitions
)
LaTeX Font Info:    Trying to load font information for LS2+stixtt on input line 180.
 (/nix/store/hymdka6m8g1msh1pf4ncsbclnw0g7fi5-texlive-combined-2023-texmfdist/tex/latex/stix/ls2stixtt.fd
File: ls2stixtt.fd 2015/04/17 v1.1.2-latex STIX typewriter LS2 font definitions
)
Overfull \hbox (117.0831pt too wide) detected at line 180
[]
 []

(./main.abs)
Underfull \hbox (badness 10000) in paragraph at lines 180--180
 
 []


Package hyperref Warning: Ignoring empty anchor on input line 180.


Package hyperref Warning: Ignoring empty anchor on input line 180.

<thumbnails/cas-email.jpeg, id=4, 225.84375pt x 225.84375pt>
File: thumbnails/cas-email.jpeg Graphic file (type jpg)
<use thumbnails/cas-email.jpeg>
Package pdftex.def Info: thumbnails/cas-email.jpeg  used on input line 180.
(pdftex.def)             Requested size: 7.99838pt x 8.0pt.
LaTeX Font Info:    Trying to load font information for T1+cmtt on input line 180.
(/nix/store/hymdka6m8g1msh1pf4ncsbclnw0g7fi5-texlive-combined-2023-texmfdist/tex/latex/base/t1cmtt.fd
File: t1cmtt.fd 2023/04/13 v2.5m Standard LaTeX font definitions
)

Package hyperref Warning: Ignoring empty anchor on input line 180.

LaTeX Font Info:    Trying to load font information for T1+cmss on input line 216.
(/nix/store/hymdka6m8g1msh1pf4ncsbclnw0g7fi5-texlive-combined-2023-texmfdist/tex/latex/base/t1cmss.fd
File: t1cmss.fd 2023/04/13 v2.5m Standard LaTeX font definitions
) [1

{/nix/store/9yx9dr574dxila6c7knc2ry0q20w2mf5-texlive-combined-2023/share/texmf-var/fonts/map/pdftex/updmap/pdftex.map}{/nix/store/hymdka6m8g1msh1pf4ncsbclnw0g7fi5-texlive-combined-2023-texmfdist/fonts/enc/dvips/stix/stix-t1.enc}{/nix/store/hymdka6m8g1msh1pf4ncsbclnw0g7fi5-texlive-combined-2023-texmfdist/fonts/enc/dvips/cm-super/cm-super-t1.enc} <./thumbnails/cas-email.jpeg>] (./tables/fgr_table.tex) [2] (./tables/jorda_table.tex) [3] (./tables/shares_table.tex) [4] [5]
LaTeX Font Info:    Calculating math sizes for size <11> on input line 330.
 [6] [7] (./main.bbl)

Package caption Warning: Unused \captionsetup[figure] on input line 70.
See the caption package documentation for explanation.

[8] (./main.aux)
 ***********
LaTeX2e <2023-11-01> patch level 1
L3 programming layer <2024-02-20>
 ***********
Package rerunfilecheck Info: File `main.out' has not changed.
(rerunfilecheck)             Checksum: D41D8CD98F00B204E9800998ECF8427E;0.
 ) 
Here is how much of TeX's memory you used:
 20974 strings out of 474116
 338926 string characters out of 5723056
 1980187 words of memory out of 5000000
 42868 multiletter control sequences out of 15000+600000
 674455 words of font info for 200 fonts, out of 8000000 for 9000
 1141 hyphenation exceptions out of 8191
 90i,15n,93p,1070b,598s stack positions out of 10000i,1000n,20000p,200000b,200000s
</nix/store/hymdka6m8g1msh1pf4ncsbclnw0g7fi5-texlive-combined-2023-texmfdist/fonts/type1/public/stix/STIXGeneral-Bold.pfb></nix/store/hymdka6m8g1msh1pf4ncsbclnw0g7fi5-texlive-combined-2023-texmfdist/fonts/type1/public/stix/STIXGeneral-Italic.pfb></nix/store/hymdka6m8g1msh1pf4ncsbclnw0g7fi5-texlive-combined-2023-texmfdist/fonts/type1/public/stix/STIXGeneral-Regular.pfb></nix/store/hymdka6m8g1msh1pf4ncsbclnw0g7fi5-texlive-combined-2023-texmfdist/fonts/type1/public/cm-super/sfss0800.pfb></nix/store/hymdka6m8g1msh1pf4ncsbclnw0g7fi5-texlive-combined-2023-texmfdist/fonts/type1/public/cm-super/sfss0900.pfb></nix/store/hymdka6m8g1msh1pf4ncsbclnw0g7fi5-texlive-combined-2023-texmfdist/fonts/type1/public/cm-super/sfsx0900.pfb></nix/store/hymdka6m8g1msh1pf4ncsbclnw0g7fi5-texlive-combined-2023-texmfdist/fonts/type1/public/cm-super/sftt0800.pfb></nix/store/hymdka6m8g1msh1pf4ncsbclnw0g7fi5-texlive-combined-2023-texmfdist/fonts/type1/public/cm-super/sftt1000.pfb></nix/store/hymdka6m8g1msh1pf4ncsbclnw0g7fi5-texlive-combined-2023-texmfdist/fonts/type1/public/stix/stix-mathit.pfb></nix/store/hymdka6m8g1msh1pf4ncsbclnw0g7fi5-texlive-combined-2023-texmfdist/fonts/type1/public/stix/stix-mathrm.pfb>
Output written on main.pdf (8 pages, 299545 bytes).
PDF statistics:
 285 PDF objects out of 1000 (max. 8388607)
 239 compressed objects within 3 object streams
 79 named destinations out of 1000 (max. 500000)
 6 words of extra memory for PDF output out of 10000 (max. 10000000)

